0 info it worked if it ends with ok
1 verbose cli [ 'C:\\Program Files\\nodejs\\node.exe',
1 verbose cli   'C:\\Program Files\\nodejs\\node_modules\\npm\\bin\\npm-cli.js',
1 verbose cli   'run',
1 verbose cli   'dev' ]
2 info using npm@3.7.3
3 info using node@v5.9.0
4 verbose run-script [ 'predev', 'dev', 'postdev' ]
5 info lifecycle phaser3-typescript-webpack-boilerplate@1.0.0~predev: phaser3-typescript-webpack-boilerplate@1.0.0
6 silly lifecycle phaser3-typescript-webpack-boilerplate@1.0.0~predev: no script for predev, continuing
7 info lifecycle phaser3-typescript-webpack-boilerplate@1.0.0~dev: phaser3-typescript-webpack-boilerplate@1.0.0
8 verbose lifecycle phaser3-typescript-webpack-boilerplate@1.0.0~dev: unsafe-perm in lifecycle true
9 verbose lifecycle phaser3-typescript-webpack-boilerplate@1.0.0~dev: PATH: C:\Users\cbirette\AppData\Roaming\nvm\v5.9.0\node_modules\npm\bin\node-gyp-bin;C:\Users\cbirette\Documents\Perso\iso-recog-game-phaser\node_modules\.bin;C:\Program Files\nodejs;C:\Program Files\Docker\Docker\Resources\bin;C:\WINDOWS\system32;C:\WINDOWS;C:\WINDOWS\System32\Wbem;C:\WINDOWS\System32\WindowsPowerShell\v1.0\;C:\WINDOWS\System32\OpenSSH\;C:\Program Files\Java\jdk1.8.0_171\jre\bin;C:\Program Files\Java\jdk1.8.0_171\bin;C:\Users\cbirette\AppData\Roaming\nvm;C:\Users\cbirette\AppData\Roaming\nvm;C:\Program Files\nodejs;C:\Program Files\Git\cmd;C:\Program Files\Git\bin;C:\Program Files\apache-maven-3.3.9\bin;C:\Program Files\PuTTY\;C:\Program Files (x86)\Yarn\bin\;C:\Program Files\Microsoft SQL Server\130\Tools\Binn\;C:\Program Files (x86)\nodejs\;C:\WINDOWS\system32\config\systemprofile\.dnx\bin;C:\Program Files\Microsoft DNX\Dnvm\;C:\Program Files (x86)\Microsoft Emulator Manager\1.0\;C:\Program Files (x86)\Android\android-sdk;C:\Program Files (x86)\Android\android-sdk\emulator;C:\Program Files (x86)\Android\android-sdk\platform-tools;C:\Program Files\Microsoft VS Code\bin;C:\Program Files\dotnet\;C:\Program Files (x86)\Microsoft SQL Server\Client SDK\ODBC\130\Tools\Binn\;C:\Program Files (x86)\Microsoft SQL Server\140\Tools\Binn\;C:\Program Files (x86)\Microsoft SQL Server\140\DTS\Binn\;C:\Program Files (x86)\Microsoft SQL Server\140\Tools\Binn\ManagementStudio\;C:\Users\cbirette\AppData\Local\Microsoft\WindowsApps;C:\Users\cbirette\AppData\Roaming\nvm;C:\Program Files\nodejs;C:\Users\cbirette\AppData\Local\Yarn\bin;C:\Users\cbirette\AppData\Roaming\npm;C:\Program Files\Microsoft VS Code\bin
10 verbose lifecycle phaser3-typescript-webpack-boilerplate@1.0.0~dev: CWD: C:\Users\cbirette\Documents\Perso\iso-recog-game-phaser
11 silly lifecycle phaser3-typescript-webpack-boilerplate@1.0.0~dev: Args: [ '/d /s /c',
11 silly lifecycle   'cross-env PLATFORM=web webpack-dev-server --config webpack.dev.js' ]
12 silly lifecycle phaser3-typescript-webpack-boilerplate@1.0.0~dev: Returned: code: 1  signal: null
13 info lifecycle phaser3-typescript-webpack-boilerplate@1.0.0~dev: Failed to exec dev script
14 verbose stack Error: phaser3-typescript-webpack-boilerplate@1.0.0 dev: `cross-env PLATFORM=web webpack-dev-server --config webpack.dev.js`
14 verbose stack Exit status 1
14 verbose stack     at EventEmitter.<anonymous> (C:\Users\cbirette\AppData\Roaming\nvm\v5.9.0\node_modules\npm\lib\utils\lifecycle.js:239:16)
14 verbose stack     at emitTwo (events.js:100:13)
14 verbose stack     at EventEmitter.emit (events.js:185:7)
14 verbose stack     at ChildProcess.<anonymous> (C:\Users\cbirette\AppData\Roaming\nvm\v5.9.0\node_modules\npm\lib\utils\spawn.js:24:14)
14 verbose stack     at emitTwo (events.js:100:13)
14 verbose stack     at ChildProcess.emit (events.js:185:7)
14 verbose stack     at maybeClose (internal/child_process.js:850:16)
14 verbose stack     at Process.ChildProcess._handle.onexit (internal/child_process.js:215:5)
15 verbose pkgid phaser3-typescript-webpack-boilerplate@1.0.0
16 verbose cwd C:\Users\cbirette\Documents\Perso\iso-recog-game-phaser
17 error Windows_NT 10.0.17134
18 error argv "C:\\Program Files\\nodejs\\node.exe" "C:\\Program Files\\nodejs\\node_modules\\npm\\bin\\npm-cli.js" "run" "dev"
19 error node v5.9.0
20 error npm  v3.7.3
21 error code ELIFECYCLE
22 error phaser3-typescript-webpack-boilerplate@1.0.0 dev: `cross-env PLATFORM=web webpack-dev-server --config webpack.dev.js`
22 error Exit status 1
23 error Failed at the phaser3-typescript-webpack-boilerplate@1.0.0 dev script 'cross-env PLATFORM=web webpack-dev-server --config webpack.dev.js'.
23 error Make sure you have the latest version of node.js and npm installed.
23 error If you do, this is most likely a problem with the phaser3-typescript-webpack-boilerplate package,
23 error not with npm itself.
23 error Tell the author that this fails on your system:
23 error     cross-env PLATFORM=web webpack-dev-server --config webpack.dev.js
23 error You can get information on how to open an issue for this project with:
23 error     npm bugs phaser3-typescript-webpack-boilerplate
23 error Or if that isn't available, you can get their info via:
23 error     npm owner ls phaser3-typescript-webpack-boilerplate
23 error There is likely additional logging output above.
24 verbose exit [ 1, true ]
